{
  "stats": {
    "suites": 1,
    "tests": 2,
    "passes": 0,
    "pending": 0,
    "failures": 2,
    "start": "2022-07-27T04:00:43.765Z",
    "end": "2022-07-27T04:00:45.264Z",
    "duration": 1499,
    "testsRegistered": 2,
    "passPercent": 0,
    "pendingPercent": 0,
    "other": 0,
    "hasOther": false,
    "skipped": 0,
    "hasSkipped": false
  },
  "results": [
    {
      "uuid": "4e7ecd55-9a79-4cea-9d9d-1c814c3faa84",
      "title": "",
      "fullFile": "cypress/integration/specs/GoogleSearchPOMfile.spec.js",
      "file": "cypress/integration/specs/GoogleSearchPOMfile.spec.js",
      "beforeHooks": [],
      "afterHooks": [],
      "tests": [],
      "suites": [
        {
          "uuid": "0a64264e-6ab3-467e-9acb-c856dbf67585",
          "title": "Google search reults for car",
          "fullFile": "",
          "file": "",
          "beforeHooks": [],
          "afterHooks": [],
          "tests": [
            {
              "title": "Navigate to Google home and search for a car",
              "fullTitle": "Google search reults for car Navigate to Google home and search for a car",
              "timedOut": null,
              "duration": 614,
              "state": "failed",
              "speed": null,
              "pass": false,
              "fail": true,
              "pending": false,
              "context": null,
              "code": "//create POM reference to call the methods \nconst homepage = new _Homepage.HomePage(); //navigate to home page \nhomepage.navigateToHome; //enter car in search field\nhomepage.typeOnSearchField(\"cars\"); //click on search button\nhomepage.clickOnSearchButton();",
              "err": {
                "message": "TypeError: _Homepage.HomePage is not a constructor",
                "estack": "TypeError: _Homepage.HomePage is not a constructor\n    at Context.eval (http://localhost:60512/__cypress/tests?p=cypress/integration/specs/GoogleSearchPOMfile.spec.js:131:22)",
                "diff": null
              },
              "uuid": "95a73285-f1cf-4575-82b0-e39e7ce2f39c",
              "parentUUID": "0a64264e-6ab3-467e-9acb-c856dbf67585",
              "isHook": false,
              "skipped": false
            },
            {
              "title": "Captures search results and prints out search number",
              "fullTitle": "Google search reults for car Captures search results and prints out search number",
              "timedOut": null,
              "duration": 500,
              "state": "failed",
              "speed": null,
              "pass": false,
              "fail": true,
              "pending": false,
              "context": null,
              "code": "//create POM reference to call the methods \nconst searchresultpage = new _SearchResultPage.SearchResultPage();\nsearchresultpage.printSearchNumber('Cars');\ncy.wait(4000);",
              "err": {
                "message": "TypeError: _SearchResultPage.SearchResultPage is not a constructor",
                "estack": "TypeError: _SearchResultPage.SearchResultPage is not a constructor\n    at Context.eval (http://localhost:60512/__cypress/tests?p=cypress/integration/specs/GoogleSearchPOMfile.spec.js:142:30)",
                "diff": null
              },
              "uuid": "bbd08c2c-34c6-46f8-a3e4-7b9ef71f9f74",
              "parentUUID": "0a64264e-6ab3-467e-9acb-c856dbf67585",
              "isHook": false,
              "skipped": false
            }
          ],
          "suites": [],
          "passes": [],
          "failures": [
            "95a73285-f1cf-4575-82b0-e39e7ce2f39c",
            "bbd08c2c-34c6-46f8-a3e4-7b9ef71f9f74"
          ],
          "pending": [],
          "skipped": [],
          "duration": 1114,
          "root": false,
          "rootEmpty": false,
          "_timeout": 2000
        }
      ],
      "passes": [],
      "failures": [],
      "pending": [],
      "skipped": [],
      "duration": 0,
      "root": true,
      "rootEmpty": true,
      "_timeout": 2000
    }
  ],
  "meta": {
    "mocha": {
      "version": "7.0.1"
    },
    "mochawesome": {
      "options": {
        "quiet": false,
        "reportFilename": "mochawesome",
        "saveHtml": true,
        "saveJson": true,
        "consoleReporter": "spec",
        "useInlineDiffs": false,
        "code": true
      },
      "version": "7.0.1"
    },
    "marge": {
      "options": {
        "charts": true,
        "overwrite": false,
        "html": true,
        "json": true,
        "reportDir": "cypress/report/mochawesome-report",
        "embeddedScreenshots": true,
        "inlineAssets": true,
        "pageLoadTimeout": 12000,
        "trashAssetsBeforeRuns": true,
        "defaultCommandTimeout": 20000
      },
      "version": "6.0.1"
    }
  }
}