{
  "stats": {
    "suites": 1,
    "tests": 2,
    "passes": 0,
    "pending": 0,
    "failures": 2,
    "start": "2022-07-27T11:22:32.813Z",
    "end": "2022-07-27T11:22:35.550Z",
    "duration": 2737,
    "testsRegistered": 2,
    "passPercent": 0,
    "pendingPercent": 0,
    "other": 0,
    "hasOther": false,
    "skipped": 0,
    "hasSkipped": false
  },
  "results": [
    {
      "uuid": "87d6db53-f555-4780-9f8c-4a49c2c59127",
      "title": "",
      "fullFile": "cypress/integration/specs/GoogleSearchPOMfile.spec.js",
      "file": "cypress/integration/specs/GoogleSearchPOMfile.spec.js",
      "beforeHooks": [],
      "afterHooks": [],
      "tests": [],
      "suites": [
        {
          "uuid": "8f0d6f5e-33d8-4551-98dd-668b4787d935",
          "title": "Google search reults for car",
          "fullFile": "",
          "file": "",
          "beforeHooks": [],
          "afterHooks": [],
          "tests": [
            {
              "title": "Navigate to Google home and search for a car",
              "fullTitle": "Google search reults for car Navigate to Google home and search for a car",
              "timedOut": null,
              "duration": 1153,
              "state": "failed",
              "speed": null,
              "pass": false,
              "fail": true,
              "pending": false,
              "context": null,
              "code": "//create POM reference to call the methods \nconst homepage = new _Homepage.HomePage(); //navigate to home page \nhomepage.navigateToHome; //enter car in search field\nhomepage.typeOnSearchField(\"cars\"); //click on search button\nhomepage.clickOnSearchButton();",
              "err": {
                "message": "TypeError: _Homepage.HomePage is not a constructor",
                "estack": "TypeError: _Homepage.HomePage is not a constructor\n    at Context.eval (http://localhost:62864/__cypress/tests?p=cypress/integration/specs/GoogleSearchPOMfile.spec.js:131:22)",
                "diff": null
              },
              "uuid": "b1f471c1-8249-4a05-a317-f2e77d75f443",
              "parentUUID": "8f0d6f5e-33d8-4551-98dd-668b4787d935",
              "isHook": false,
              "skipped": false
            },
            {
              "title": "Captures search results and prints out search number",
              "fullTitle": "Google search reults for car Captures search results and prints out search number",
              "timedOut": null,
              "duration": 791,
              "state": "failed",
              "speed": null,
              "pass": false,
              "fail": true,
              "pending": false,
              "context": null,
              "code": "//create POM reference to call the methods \nconst searchresultpage = new _SearchResultPage.SearchResultPage();\nsearchresultpage.printSearchNumber('Cars');\ncy.wait(4000);",
              "err": {
                "message": "TypeError: _SearchResultPage.SearchResultPage is not a constructor",
                "estack": "TypeError: _SearchResultPage.SearchResultPage is not a constructor\n    at Context.eval (http://localhost:62864/__cypress/tests?p=cypress/integration/specs/GoogleSearchPOMfile.spec.js:142:30)",
                "diff": null
              },
              "uuid": "ef8ef492-8052-44cc-aef3-b41ee2310562",
              "parentUUID": "8f0d6f5e-33d8-4551-98dd-668b4787d935",
              "isHook": false,
              "skipped": false
            }
          ],
          "suites": [],
          "passes": [],
          "failures": [
            "b1f471c1-8249-4a05-a317-f2e77d75f443",
            "ef8ef492-8052-44cc-aef3-b41ee2310562"
          ],
          "pending": [],
          "skipped": [],
          "duration": 1944,
          "root": false,
          "rootEmpty": false,
          "_timeout": 2000
        }
      ],
      "passes": [],
      "failures": [],
      "pending": [],
      "skipped": [],
      "duration": 0,
      "root": true,
      "rootEmpty": true,
      "_timeout": 2000
    }
  ],
  "meta": {
    "mocha": {
      "version": "7.0.1"
    },
    "mochawesome": {
      "options": {
        "quiet": false,
        "reportFilename": "mochawesome",
        "saveHtml": true,
        "saveJson": true,
        "consoleReporter": "spec",
        "useInlineDiffs": false,
        "code": true
      },
      "version": "7.0.1"
    },
    "marge": {
      "options": {
        "charts": true,
        "overwrite": false,
        "html": true,
        "json": true,
        "reportDir": "cypress/report/mochawesome-report",
        "embeddedScreenshots": true,
        "inlineAssets": true,
        "pageLoadTimeout": 12000,
        "trashAssetsBeforeRuns": true,
        "defaultCommandTimeout": 20000
      },
      "version": "6.0.1"
    }
  }
}