{
  "stats": {
    "suites": 1,
    "tests": 2,
    "passes": 0,
    "pending": 0,
    "failures": 2,
    "start": "2022-07-27T10:38:42.768Z",
    "end": "2022-07-27T10:38:44.573Z",
    "duration": 1805,
    "testsRegistered": 2,
    "passPercent": 0,
    "pendingPercent": 0,
    "other": 0,
    "hasOther": false,
    "skipped": 0,
    "hasSkipped": false
  },
  "results": [
    {
      "uuid": "20ab338f-bc30-432b-bd76-d8cbfbaf18f4",
      "title": "",
      "fullFile": "cypress/integration/specs/GoogleSearchPOMfile.spec.js",
      "file": "cypress/integration/specs/GoogleSearchPOMfile.spec.js",
      "beforeHooks": [],
      "afterHooks": [],
      "tests": [],
      "suites": [
        {
          "uuid": "a8268ddf-b0e9-4c87-a7b5-e61e89dd56fd",
          "title": "Google search reults for car",
          "fullFile": "",
          "file": "",
          "beforeHooks": [],
          "afterHooks": [],
          "tests": [
            {
              "title": "Navigate to Google home and search for a car",
              "fullTitle": "Google search reults for car Navigate to Google home and search for a car",
              "timedOut": null,
              "duration": 990,
              "state": "failed",
              "speed": null,
              "pass": false,
              "fail": true,
              "pending": false,
              "context": null,
              "code": "//create POM reference to call the methods \nconst homepage = new _Homepage.HomePage(); //navigate to home page \nhomepage.navigateToHome; //enter car in search field\nhomepage.typeOnSearchField(\"cars\"); //click on search button\nhomepage.clickOnSearchButton();",
              "err": {
                "message": "TypeError: _Homepage.HomePage is not a constructor",
                "estack": "TypeError: _Homepage.HomePage is not a constructor\n    at Context.eval (http://localhost:62462/__cypress/tests?p=cypress/integration/specs/GoogleSearchPOMfile.spec.js:131:22)",
                "diff": null
              },
              "uuid": "c07c1c6a-71db-428c-9081-4bcff6768e7e",
              "parentUUID": "a8268ddf-b0e9-4c87-a7b5-e61e89dd56fd",
              "isHook": false,
              "skipped": false
            },
            {
              "title": "Captures search results and prints out search number",
              "fullTitle": "Google search reults for car Captures search results and prints out search number",
              "timedOut": null,
              "duration": 471,
              "state": "failed",
              "speed": null,
              "pass": false,
              "fail": true,
              "pending": false,
              "context": null,
              "code": "//create POM reference to call the methods \nconst searchresultpage = new _SearchResultPage.SearchResultPage();\nsearchresultpage.printSearchNumber('Cars');\ncy.wait(4000);",
              "err": {
                "message": "TypeError: _SearchResultPage.SearchResultPage is not a constructor",
                "estack": "TypeError: _SearchResultPage.SearchResultPage is not a constructor\n    at Context.eval (http://localhost:62462/__cypress/tests?p=cypress/integration/specs/GoogleSearchPOMfile.spec.js:142:30)",
                "diff": null
              },
              "uuid": "66215cb9-e6fb-412e-b9b5-d2c7bb0ea351",
              "parentUUID": "a8268ddf-b0e9-4c87-a7b5-e61e89dd56fd",
              "isHook": false,
              "skipped": false
            }
          ],
          "suites": [],
          "passes": [],
          "failures": [
            "c07c1c6a-71db-428c-9081-4bcff6768e7e",
            "66215cb9-e6fb-412e-b9b5-d2c7bb0ea351"
          ],
          "pending": [],
          "skipped": [],
          "duration": 1461,
          "root": false,
          "rootEmpty": false,
          "_timeout": 2000
        }
      ],
      "passes": [],
      "failures": [],
      "pending": [],
      "skipped": [],
      "duration": 0,
      "root": true,
      "rootEmpty": true,
      "_timeout": 2000
    }
  ],
  "meta": {
    "mocha": {
      "version": "7.0.1"
    },
    "mochawesome": {
      "options": {
        "quiet": false,
        "reportFilename": "mochawesome",
        "saveHtml": true,
        "saveJson": true,
        "consoleReporter": "spec",
        "useInlineDiffs": false,
        "code": true
      },
      "version": "7.0.1"
    },
    "marge": {
      "options": {
        "charts": true,
        "overwrite": false,
        "html": true,
        "json": true,
        "reportDir": "cypress/report/mochawesome-report",
        "embeddedScreenshots": true,
        "inlineAssets": true,
        "pageLoadTimeout": 12000,
        "trashAssetsBeforeRuns": true,
        "defaultCommandTimeout": 20000
      },
      "version": "6.0.1"
    }
  }
}